<?xml version="1.0" encoding="UTF-8"?>
<testsuite name="MapTest" tests="1" skipped="0" failures="0" errors="0" timestamp="2022-10-17T11:18:43" hostname="DESKTOP-D5OCOML" time="0.064">
  <properties/>
  <testcase name="test()" classname="MapTest" time="0.064"/>
  <system-out><![CDATA[]]></system-out>
  <system-err><![CDATA[]]></system-err>
</testsuite>
